This file contains any messages produced by compilers while
running configure, to aid debugging if configure makes a mistake.

It was created by predict configure 0.9.0, which was
generated by GNU Autoconf 2.63.  Invocation command line was

  $ ./configure 

## --------- ##
## Platform. ##
## --------- ##

hostname = xs22v01-dev-jenkins
uname -m = x86_64
uname -r = 2.6.32-220.el6.x86_64
uname -s = Linux
uname -v = #1 SMP Wed Nov 9 08:03:13 EST 2011

/usr/bin/uname -p = unknown
/bin/uname -X     = unknown

/bin/arch              = x86_64
/usr/bin/arch -k       = unknown
/usr/convex/getsysinfo = unknown
/usr/bin/hostinfo      = unknown
/bin/machine           = unknown
/usr/bin/oslevel       = unknown
/bin/universe          = unknown

PATH: /usr/lib64/mpich/bin
PATH: /sbin
PATH: /bin
PATH: /usr/sbin
PATH: /usr/bin
PATH: /home/jenkins/vowpal_wabbit/vowpalwabbit/
PATH: /home/jenkins/vowpal_wabbit/utl/


## ----------- ##
## Core tests. ##
## ----------- ##

configure:2080: checking build system type
configure:2098: result: x86_64-unknown-linux-gnu
configure:2120: checking host system type
configure:2135: result: x86_64-unknown-linux-gnu
configure:2174: checking for a BSD-compatible install
configure:2242: result: /usr/bin/install -c
configure:2253: checking whether build environment is sane
configure:2313: result: yes
configure:2454: checking for a thread-safe mkdir -p
configure:2493: result: /bin/mkdir -p
configure:2506: checking for gawk
configure:2522: found /bin/gawk
configure:2533: result: gawk
configure:2544: checking whether make sets $(MAKE)
configure:2566: result: yes
configure:2646: checking whether make sets $(MAKE)
configure:2668: result: yes
configure:2689: checking for style of include used by make
configure:2717: result: GNU
configure:2797: checking for g++
configure:2813: found /usr/bin/g++
configure:2824: result: g++
configure:2851: checking for C++ compiler version
configure:2859: g++ --version >&5
g++ (GCC) 4.8.2 20140120 (Red Hat 4.8.2-15)
Copyright (C) 2013 Free Software Foundation, Inc.
This is free software; see the source for copying conditions.  There is NO
warranty; not even for MERCHANTABILITY or FITNESS FOR A PARTICULAR PURPOSE.

configure:2863: $? = 0
configure:2870: g++ -v >&5
Using built-in specs.
COLLECT_GCC=g++
COLLECT_LTO_WRAPPER=/opt/rh/devtoolset-2/root/usr/libexec/gcc/x86_64-redhat-linux/4.8.2/lto-wrapper
Target: x86_64-redhat-linux
Configured with: ../configure --prefix=/opt/rh/devtoolset-2/root/usr --mandir=/opt/rh/devtoolset-2/root/usr/share/man --infodir=/opt/rh/devtoolset-2/root/usr/share/info --with-bugurl=http://bugzilla.redhat.com/bugzilla --enable-bootstrap --enable-shared --enable-threads=posix --enable-checking=release --with-system-zlib --enable-__cxa_atexit --disable-libunwind-exceptions --enable-gnu-unique-object --enable-linker-build-id --enable-languages=c,c++,fortran,lto --enable-plugin --with-linker-hash-style=gnu --enable-initfini-array --disable-libgcj --with-isl=/builddir/build/BUILD/gcc-4.8.2-20140120/obj-x86_64-redhat-linux/isl-install --with-cloog=/builddir/build/BUILD/gcc-4.8.2-20140120/obj-x86_64-redhat-linux/cloog-install --with-mpc=/builddir/build/BUILD/gcc-4.8.2-20140120/obj-x86_64-redhat-linux/mpc-install --with-tune=generic --with-arch_32=i686 --build=x86_64-redhat-linux
Thread model: posix
gcc version 4.8.2 20140120 (Red Hat 4.8.2-15) (GCC) 
configure:2874: $? = 0
configure:2881: g++ -V >&5
g++: error: unrecognized command line option '-V'
g++: fatal error: no input files
compilation terminated.
configure:2885: $? = 4
configure:2908: checking for C++ compiler default output file name
configure:2930: g++    conftest.cpp  >&5
configure:2934: $? = 0
configure:2972: result: a.out
configure:2991: checking whether the C++ compiler works
configure:3001: ./a.out
configure:3005: $? = 0
configure:3024: result: yes
configure:3031: checking whether we are cross compiling
configure:3033: result: no
configure:3036: checking for suffix of executables
configure:3043: g++ -o conftest    conftest.cpp  >&5
configure:3047: $? = 0
configure:3073: result: 
configure:3079: checking for suffix of object files
configure:3105: g++ -c   conftest.cpp >&5
configure:3109: $? = 0
configure:3134: result: o
configure:3138: checking whether we are using the GNU C++ compiler
configure:3167: g++ -c   conftest.cpp >&5
configure:3174: $? = 0
configure:3191: result: yes
configure:3200: checking whether g++ accepts -g
configure:3230: g++ -c -g  conftest.cpp >&5
configure:3237: $? = 0
configure:3338: result: yes
configure:3363: checking dependency style of g++
configure:3473: result: gcc3
configure:3494: checking how to run the C++ preprocessor
configure:3530: g++ -E  conftest.cpp
configure:3537: $? = 0
configure:3568: g++ -E  conftest.cpp
conftest.cpp:8:28: fatal error: ac_nonexistent.h: No such file or directory
 #include <ac_nonexistent.h>
                            ^
compilation terminated.
configure:3575: $? = 1
configure: failed program was:
| /* confdefs.h.  */
| #define PACKAGE_NAME "predict"
| #define PACKAGE_TARNAME "predict"
| #define PACKAGE_VERSION "0.9.0"
| #define PACKAGE_STRING "predict 0.9.0"
| #define PACKAGE_BUGREPORT "akhileshmaurya494@gmail.com"
| /* end confdefs.h.  */
| #include <ac_nonexistent.h>
configure:3608: result: g++ -E
configure:3637: g++ -E  conftest.cpp
configure:3644: $? = 0
configure:3675: g++ -E  conftest.cpp
conftest.cpp:8:28: fatal error: ac_nonexistent.h: No such file or directory
 #include <ac_nonexistent.h>
                            ^
compilation terminated.
configure:3682: $? = 1
configure: failed program was:
| /* confdefs.h.  */
| #define PACKAGE_NAME "predict"
| #define PACKAGE_TARNAME "predict"
| #define PACKAGE_VERSION "0.9.0"
| #define PACKAGE_STRING "predict 0.9.0"
| #define PACKAGE_BUGREPORT "akhileshmaurya494@gmail.com"
| /* end confdefs.h.  */
| #include <ac_nonexistent.h>
configure:3722: checking for grep that handles long lines and -e
configure:3782: result: /bin/grep
configure:3787: checking for egrep
configure:3851: result: /bin/grep -E
configure:3856: checking for ANSI C header files
configure:3886: g++ -c -g -O2  conftest.cpp >&5
configure:3893: $? = 0
configure:3992: g++ -o conftest -g -O2   conftest.cpp  >&5
configure:3996: $? = 0
configure:4002: ./conftest
configure:4006: $? = 0
configure:4024: result: yes
configure:4147: checking for C++ compiler version
configure:4155: g++ --version >&5
g++ (GCC) 4.8.2 20140120 (Red Hat 4.8.2-15)
Copyright (C) 2013 Free Software Foundation, Inc.
This is free software; see the source for copying conditions.  There is NO
warranty; not even for MERCHANTABILITY or FITNESS FOR A PARTICULAR PURPOSE.

configure:4159: $? = 0
configure:4166: g++ -v >&5
Using built-in specs.
COLLECT_GCC=g++
COLLECT_LTO_WRAPPER=/opt/rh/devtoolset-2/root/usr/libexec/gcc/x86_64-redhat-linux/4.8.2/lto-wrapper
Target: x86_64-redhat-linux
Configured with: ../configure --prefix=/opt/rh/devtoolset-2/root/usr --mandir=/opt/rh/devtoolset-2/root/usr/share/man --infodir=/opt/rh/devtoolset-2/root/usr/share/info --with-bugurl=http://bugzilla.redhat.com/bugzilla --enable-bootstrap --enable-shared --enable-threads=posix --enable-checking=release --with-system-zlib --enable-__cxa_atexit --disable-libunwind-exceptions --enable-gnu-unique-object --enable-linker-build-id --enable-languages=c,c++,fortran,lto --enable-plugin --with-linker-hash-style=gnu --enable-initfini-array --disable-libgcj --with-isl=/builddir/build/BUILD/gcc-4.8.2-20140120/obj-x86_64-redhat-linux/isl-install --with-cloog=/builddir/build/BUILD/gcc-4.8.2-20140120/obj-x86_64-redhat-linux/cloog-install --with-mpc=/builddir/build/BUILD/gcc-4.8.2-20140120/obj-x86_64-redhat-linux/mpc-install --with-tune=generic --with-arch_32=i686 --build=x86_64-redhat-linux
Thread model: posix
gcc version 4.8.2 20140120 (Red Hat 4.8.2-15) (GCC) 
configure:4170: $? = 0
configure:4177: g++ -V >&5
g++: error: unrecognized command line option '-V'
g++: fatal error: no input files
compilation terminated.
configure:4181: $? = 4
configure:4184: checking whether we are using the GNU C++ compiler
configure:4237: result: yes
configure:4246: checking whether g++ accepts -g
configure:4384: result: yes
configure:4409: checking dependency style of g++
configure:4519: result: gcc3
configure:4539: checking how to run the C++ preprocessor
configure:4653: result: g++ -E
configure:4682: g++ -E  conftest.cpp
configure:4689: $? = 0
configure:4720: g++ -E  conftest.cpp
conftest.cpp:9:28: fatal error: ac_nonexistent.h: No such file or directory
 #include <ac_nonexistent.h>
                            ^
compilation terminated.
configure:4727: $? = 1
configure: failed program was:
| /* confdefs.h.  */
| #define PACKAGE_NAME "predict"
| #define PACKAGE_TARNAME "predict"
| #define PACKAGE_VERSION "0.9.0"
| #define PACKAGE_STRING "predict 0.9.0"
| #define PACKAGE_BUGREPORT "akhileshmaurya494@gmail.com"
| #define STDC_HEADERS 1
| /* end confdefs.h.  */
| #include <ac_nonexistent.h>
configure:4786: checking for a BSD-compatible install
configure:4854: result: /usr/bin/install -c
configure:4938: checking for gcc
configure:4954: found /usr/bin/gcc
configure:4965: result: gcc
configure:5197: checking for C compiler version
configure:5205: gcc --version >&5
gcc (GCC) 4.8.2 20140120 (Red Hat 4.8.2-15)
Copyright (C) 2013 Free Software Foundation, Inc.
This is free software; see the source for copying conditions.  There is NO
warranty; not even for MERCHANTABILITY or FITNESS FOR A PARTICULAR PURPOSE.

configure:5209: $? = 0
configure:5216: gcc -v >&5
Using built-in specs.
COLLECT_GCC=gcc
COLLECT_LTO_WRAPPER=/opt/rh/devtoolset-2/root/usr/libexec/gcc/x86_64-redhat-linux/4.8.2/lto-wrapper
Target: x86_64-redhat-linux
Configured with: ../configure --prefix=/opt/rh/devtoolset-2/root/usr --mandir=/opt/rh/devtoolset-2/root/usr/share/man --infodir=/opt/rh/devtoolset-2/root/usr/share/info --with-bugurl=http://bugzilla.redhat.com/bugzilla --enable-bootstrap --enable-shared --enable-threads=posix --enable-checking=release --with-system-zlib --enable-__cxa_atexit --disable-libunwind-exceptions --enable-gnu-unique-object --enable-linker-build-id --enable-languages=c,c++,fortran,lto --enable-plugin --with-linker-hash-style=gnu --enable-initfini-array --disable-libgcj --with-isl=/builddir/build/BUILD/gcc-4.8.2-20140120/obj-x86_64-redhat-linux/isl-install --with-cloog=/builddir/build/BUILD/gcc-4.8.2-20140120/obj-x86_64-redhat-linux/cloog-install --with-mpc=/builddir/build/BUILD/gcc-4.8.2-20140120/obj-x86_64-redhat-linux/mpc-install --with-tune=generic --with-arch_32=i686 --build=x86_64-redhat-linux
Thread model: posix
gcc version 4.8.2 20140120 (Red Hat 4.8.2-15) (GCC) 
configure:5220: $? = 0
configure:5227: gcc -V >&5
gcc: error: unrecognized command line option '-V'
gcc: fatal error: no input files
compilation terminated.
configure:5231: $? = 4
configure:5234: checking whether we are using the GNU C compiler
configure:5263: gcc -c   conftest.c >&5
configure:5270: $? = 0
configure:5287: result: yes
configure:5296: checking whether gcc accepts -g
configure:5326: gcc -c -g  conftest.c >&5
configure:5333: $? = 0
configure:5434: result: yes
configure:5451: checking for gcc option to accept ISO C89
configure:5525: gcc  -c -g -O2  conftest.c >&5
configure:5532: $? = 0
configure:5555: result: none needed
configure:5575: checking dependency style of gcc
configure:5685: result: gcc3
configure:5700: checking for a sed that does not truncate output
configure:5766: result: /bin/sed
configure:5784: checking for fgrep
configure:5848: result: /bin/grep -F
configure:5883: checking for ld used by gcc
configure:5950: result: /opt/rh/devtoolset-2/root/usr/libexec/gcc/x86_64-redhat-linux/4.8.2/ld
configure:5959: checking if the linker (/opt/rh/devtoolset-2/root/usr/libexec/gcc/x86_64-redhat-linux/4.8.2/ld) is GNU ld
configure:5974: result: yes
configure:5986: checking for BSD- or MS-compatible name lister (nm)
configure:6035: result: /usr/bin/nm -B
configure:6153: checking the name lister (/usr/bin/nm -B) interface
configure:6160: g++ -c -g -O2  conftest.cpp >&5
configure:6163: /usr/bin/nm -B "conftest.o"
configure:6166: output
0000000000000000 B some_variable
configure:6173: result: BSD nm
configure:6176: checking whether ln -s works
configure:6180: result: yes
configure:6188: checking the maximum length of command line arguments
configure:6308: result: 1966080
configure:6325: checking whether the shell understands some XSI constructs
configure:6335: result: yes
configure:6339: checking whether the shell understands "+="
configure:6345: result: yes
configure:6380: checking for /opt/rh/devtoolset-2/root/usr/libexec/gcc/x86_64-redhat-linux/4.8.2/ld option to reload object files
configure:6387: result: -r
configure:6456: checking for objdump
configure:6472: found /usr/bin/objdump
configure:6483: result: objdump
configure:6515: checking how to recognize dependent libraries
configure:6711: result: pass_all
configure:6771: checking for ar
configure:6787: found /usr/bin/ar
configure:6798: result: ar
configure:6876: checking for strip
configure:6892: found /usr/bin/strip
configure:6903: result: strip
configure:6975: checking for ranlib
configure:6991: found /usr/bin/ranlib
configure:7002: result: ranlib
configure:7092: checking command to parse /usr/bin/nm -B output from gcc object
configure:7210: g++ -c -g -O2  conftest.cpp >&5
configure:7213: $? = 0
configure:7217: /usr/bin/nm -B conftest.o \| sed -n -e 's/^.*[	 ]\([ABCDGIRSTW][ABCDGIRSTW]*\)[	 ][	 ]*\([_A-Za-z][_A-Za-z0-9]*\)$/\1 \2 \2/p' \> conftest.nm
configure:7220: $? = 0
configure:7274: g++ -o conftest -g -O2   conftest.cpp conftstm.o >&5
configure:7277: $? = 0
configure:7315: result: ok
configure:7411: g++ -c -g -O2  conftest.cpp >&5
configure:7414: $? = 0
configure:8191: checking for sys/types.h
configure:8212: g++ -c -g -O2  conftest.cpp >&5
configure:8219: $? = 0
configure:8236: result: yes
configure:8191: checking for sys/stat.h
configure:8212: g++ -c -g -O2  conftest.cpp >&5
configure:8219: $? = 0
configure:8236: result: yes
configure:8191: checking for stdlib.h
configure:8212: g++ -c -g -O2  conftest.cpp >&5
configure:8219: $? = 0
configure:8236: result: yes
configure:8191: checking for string.h
configure:8212: g++ -c -g -O2  conftest.cpp >&5
configure:8219: $? = 0
configure:8236: result: yes
configure:8191: checking for memory.h
configure:8212: g++ -c -g -O2  conftest.cpp >&5
configure:8219: $? = 0
configure:8236: result: yes
configure:8191: checking for strings.h
configure:8212: g++ -c -g -O2  conftest.cpp >&5
configure:8219: $? = 0
configure:8236: result: yes
configure:8191: checking for inttypes.h
configure:8212: g++ -c -g -O2  conftest.cpp >&5
configure:8219: $? = 0
configure:8236: result: yes
configure:8191: checking for stdint.h
configure:8212: g++ -c -g -O2  conftest.cpp >&5
configure:8219: $? = 0
configure:8236: result: yes
configure:8191: checking for unistd.h
configure:8212: g++ -c -g -O2  conftest.cpp >&5
configure:8219: $? = 0
configure:8236: result: yes
configure:8254: checking for dlfcn.h
configure:8275: g++ -c -g -O2  conftest.cpp >&5
configure:8282: $? = 0
configure:8299: result: yes
configure:8426: checking for C++ compiler version
configure:8434: g++ --version >&5
g++ (GCC) 4.8.2 20140120 (Red Hat 4.8.2-15)
Copyright (C) 2013 Free Software Foundation, Inc.
This is free software; see the source for copying conditions.  There is NO
warranty; not even for MERCHANTABILITY or FITNESS FOR A PARTICULAR PURPOSE.

configure:8438: $? = 0
configure:8445: g++ -v >&5
Using built-in specs.
COLLECT_GCC=g++
COLLECT_LTO_WRAPPER=/opt/rh/devtoolset-2/root/usr/libexec/gcc/x86_64-redhat-linux/4.8.2/lto-wrapper
Target: x86_64-redhat-linux
Configured with: ../configure --prefix=/opt/rh/devtoolset-2/root/usr --mandir=/opt/rh/devtoolset-2/root/usr/share/man --infodir=/opt/rh/devtoolset-2/root/usr/share/info --with-bugurl=http://bugzilla.redhat.com/bugzilla --enable-bootstrap --enable-shared --enable-threads=posix --enable-checking=release --with-system-zlib --enable-__cxa_atexit --disable-libunwind-exceptions --enable-gnu-unique-object --enable-linker-build-id --enable-languages=c,c++,fortran,lto --enable-plugin --with-linker-hash-style=gnu --enable-initfini-array --disable-libgcj --with-isl=/builddir/build/BUILD/gcc-4.8.2-20140120/obj-x86_64-redhat-linux/isl-install --with-cloog=/builddir/build/BUILD/gcc-4.8.2-20140120/obj-x86_64-redhat-linux/cloog-install --with-mpc=/builddir/build/BUILD/gcc-4.8.2-20140120/obj-x86_64-redhat-linux/mpc-install --with-tune=generic --with-arch_32=i686 --build=x86_64-redhat-linux
Thread model: posix
gcc version 4.8.2 20140120 (Red Hat 4.8.2-15) (GCC) 
configure:8449: $? = 0
configure:8456: g++ -V >&5
g++: error: unrecognized command line option '-V'
g++: fatal error: no input files
compilation terminated.
configure:8460: $? = 4
configure:8463: checking whether we are using the GNU C++ compiler
configure:8516: result: yes
configure:8525: checking whether g++ accepts -g
configure:8663: result: yes
configure:8688: checking dependency style of g++
configure:8798: result: gcc3
configure:8821: checking how to run the C++ preprocessor
configure:8935: result: g++ -E
configure:8964: g++ -E  conftest.cpp
configure:8971: $? = 0
configure:9002: g++ -E  conftest.cpp
conftest.cpp:19:28: fatal error: ac_nonexistent.h: No such file or directory
 #include <ac_nonexistent.h>
                            ^
compilation terminated.
configure:9009: $? = 1
configure: failed program was:
| /* confdefs.h.  */
| #define PACKAGE_NAME "predict"
| #define PACKAGE_TARNAME "predict"
| #define PACKAGE_VERSION "0.9.0"
| #define PACKAGE_STRING "predict 0.9.0"
| #define PACKAGE_BUGREPORT "akhileshmaurya494@gmail.com"
| #define STDC_HEADERS 1
| #define HAVE_SYS_TYPES_H 1
| #define HAVE_SYS_STAT_H 1
| #define HAVE_STDLIB_H 1
| #define HAVE_STRING_H 1
| #define HAVE_MEMORY_H 1
| #define HAVE_STRINGS_H 1
| #define HAVE_INTTYPES_H 1
| #define HAVE_STDINT_H 1
| #define HAVE_UNISTD_H 1
| #define HAVE_DLFCN_H 1
| /* end confdefs.h.  */
| #include <ac_nonexistent.h>
configure:9222: checking for objdir
configure:9237: result: .libs
configure:9529: checking if gcc supports -fno-rtti -fno-exceptions
configure:9547: gcc -c -g -O2  -fno-rtti -fno-exceptions conftest.c >&5
cc1: warning: command line option '-fno-rtti' is valid for C++/ObjC++ but not for C [enabled by default]
configure:9551: $? = 0
configure:9564: result: no
configure:9584: checking for gcc option to produce PIC
configure:9856: result: -fPIC -DPIC
configure:9868: checking if gcc PIC flag -fPIC -DPIC works
configure:9886: gcc -c -g -O2  -fPIC -DPIC -DPIC conftest.c >&5
configure:9890: $? = 0
configure:9903: result: yes
configure:9927: checking if gcc static flag -static works
configure:9955: result: no
configure:9970: checking if gcc supports -c -o file.o
configure:9991: gcc -c -g -O2  -o out/conftest2.o conftest.c >&5
configure:9995: $? = 0
configure:10017: result: yes
configure:10025: checking if gcc supports -c -o file.o
configure:10072: result: yes
configure:10105: checking whether the gcc linker (/opt/rh/devtoolset-2/root/usr/libexec/gcc/x86_64-redhat-linux/4.8.2/ld -m elf_x86_64) supports shared libraries
configure:11179: result: yes
configure:11216: checking whether -lc should be explicitly linked in
configure:11221: gcc -c -g -O2  conftest.c >&5
configure:11224: $? = 0
configure:11239: gcc -shared conftest.o  -v -Wl,-soname -Wl,conftest -o conftest 2\>\&1 \| /bin/grep  -lc  \>/dev/null 2\>\&1
configure:11242: $? = 0
configure:11254: result: no
configure:11418: checking dynamic linker characteristics
configure:11861: gcc -o conftest -g -O2   -Wl,-rpath -Wl,/foo conftest.c  >&5
configure:11868: $? = 0
configure:12104: result: GNU/Linux ld.so
configure:12206: checking how to hardcode library paths into programs
configure:12231: result: immediate
configure:13064: checking whether stripping libraries is possible
configure:13069: result: yes
configure:13104: checking if libtool supports shared libraries
configure:13106: result: yes
configure:13109: checking whether to build shared libraries
configure:13130: result: yes
configure:13133: checking whether to build static libraries
configure:13137: result: yes
configure:13287: checking for ld used by g++
configure:13354: result: /opt/rh/devtoolset-2/root/usr/libexec/gcc/x86_64-redhat-linux/4.8.2/ld -m elf_x86_64
configure:13363: checking if the linker (/opt/rh/devtoolset-2/root/usr/libexec/gcc/x86_64-redhat-linux/4.8.2/ld -m elf_x86_64) is GNU ld
configure:13378: result: yes
configure:13433: checking whether the g++ linker (/opt/rh/devtoolset-2/root/usr/libexec/gcc/x86_64-redhat-linux/4.8.2/ld -m elf_x86_64) supports shared libraries
configure:14408: result: yes
configure:14436: g++ -c -g -O2  conftest.cpp >&5
configure:14439: $? = 0
configure:14621: checking for g++ option to produce PIC
configure:14938: result: -fPIC -DPIC
configure:14947: checking if g++ PIC flag -fPIC -DPIC works
configure:14965: g++ -c -g -O2  -fPIC -DPIC -DPIC conftest.cpp >&5
configure:14969: $? = 0
configure:14982: result: yes
configure:15003: checking if g++ static flag -static works
configure:15031: result: no
configure:15043: checking if g++ supports -c -o file.o
configure:15064: g++ -c -g -O2  -o out/conftest2.o conftest.cpp >&5
configure:15068: $? = 0
configure:15090: result: yes
configure:15095: checking if g++ supports -c -o file.o
configure:15142: result: yes
configure:15172: checking whether the g++ linker (/opt/rh/devtoolset-2/root/usr/libexec/gcc/x86_64-redhat-linux/4.8.2/ld -m elf_x86_64) supports shared libraries
configure:15198: result: yes
configure:15335: checking dynamic linker characteristics
configure:15726: g++ -o conftest -g -O2   -Wl,-rpath -Wl,/foo conftest.cpp  >&5
configure:15733: $? = 0
configure:15969: result: GNU/Linux ld.so
configure:16020: checking how to hardcode library paths into programs
configure:16045: result: immediate
configure:16105: checking for  in -l'glib-2.0'
configure:16140: g++ -o conftest -g -O2   conftest.cpp -l'glib-2.0'   >&5
conftest.cpp:27:8: error: expected unqualified-id before ')' token
 char  ();
        ^
conftest.cpp: In function 'int main()':
conftest.cpp:31:10: error: expected primary-expression before ')' token
 return  ();
          ^
configure:16147: $? = 1
configure: failed program was:
| /* confdefs.h.  */
| #define PACKAGE_NAME "predict"
| #define PACKAGE_TARNAME "predict"
| #define PACKAGE_VERSION "0.9.0"
| #define PACKAGE_STRING "predict 0.9.0"
| #define PACKAGE_BUGREPORT "akhileshmaurya494@gmail.com"
| #define STDC_HEADERS 1
| #define HAVE_SYS_TYPES_H 1
| #define HAVE_SYS_STAT_H 1
| #define HAVE_STDLIB_H 1
| #define HAVE_STRING_H 1
| #define HAVE_MEMORY_H 1
| #define HAVE_STRINGS_H 1
| #define HAVE_INTTYPES_H 1
| #define HAVE_STDINT_H 1
| #define HAVE_UNISTD_H 1
| #define HAVE_DLFCN_H 1
| #define LT_OBJDIR ".libs/"
| /* end confdefs.h.  */
| 
| /* Override any GCC internal prototype to avoid an error.
|    Use char because int might match the return type of a GCC
|    builtin and then its argument prototype would still apply.  */
| #ifdef __cplusplus
| extern "C"
| #endif
| char  ();
| int
| main ()
| {
| return  ();
|   ;
|   return 0;
| }
configure:16168: result: no
configure:16180: checking for  in -l'stdc++'
configure:16215: g++ -o conftest -g -O2   conftest.cpp -l'stdc++'   >&5
conftest.cpp:27:8: error: expected unqualified-id before ')' token
 char  ();
        ^
conftest.cpp: In function 'int main()':
conftest.cpp:31:10: error: expected primary-expression before ')' token
 return  ();
          ^
configure:16222: $? = 1
configure: failed program was:
| /* confdefs.h.  */
| #define PACKAGE_NAME "predict"
| #define PACKAGE_TARNAME "predict"
| #define PACKAGE_VERSION "0.9.0"
| #define PACKAGE_STRING "predict 0.9.0"
| #define PACKAGE_BUGREPORT "akhileshmaurya494@gmail.com"
| #define STDC_HEADERS 1
| #define HAVE_SYS_TYPES_H 1
| #define HAVE_SYS_STAT_H 1
| #define HAVE_STDLIB_H 1
| #define HAVE_STRING_H 1
| #define HAVE_MEMORY_H 1
| #define HAVE_STRINGS_H 1
| #define HAVE_INTTYPES_H 1
| #define HAVE_STDINT_H 1
| #define HAVE_UNISTD_H 1
| #define HAVE_DLFCN_H 1
| #define LT_OBJDIR ".libs/"
| /* end confdefs.h.  */
| 
| /* Override any GCC internal prototype to avoid an error.
|    Use char because int might match the return type of a GCC
|    builtin and then its argument prototype would still apply.  */
| #ifdef __cplusplus
| extern "C"
| #endif
| char  ();
| int
| main ()
| {
| return  ();
|   ;
|   return 0;
| }
configure:16243: result: no
configure:16255: checking for  in -l'z'
configure:16290: g++ -o conftest -g -O2   conftest.cpp -l'z'   >&5
conftest.cpp:27:8: error: expected unqualified-id before ')' token
 char  ();
        ^
conftest.cpp: In function 'int main()':
conftest.cpp:31:10: error: expected primary-expression before ')' token
 return  ();
          ^
configure:16297: $? = 1
configure: failed program was:
| /* confdefs.h.  */
| #define PACKAGE_NAME "predict"
| #define PACKAGE_TARNAME "predict"
| #define PACKAGE_VERSION "0.9.0"
| #define PACKAGE_STRING "predict 0.9.0"
| #define PACKAGE_BUGREPORT "akhileshmaurya494@gmail.com"
| #define STDC_HEADERS 1
| #define HAVE_SYS_TYPES_H 1
| #define HAVE_SYS_STAT_H 1
| #define HAVE_STDLIB_H 1
| #define HAVE_STRING_H 1
| #define HAVE_MEMORY_H 1
| #define HAVE_STRINGS_H 1
| #define HAVE_INTTYPES_H 1
| #define HAVE_STDINT_H 1
| #define HAVE_UNISTD_H 1
| #define HAVE_DLFCN_H 1
| #define LT_OBJDIR ".libs/"
| /* end confdefs.h.  */
| 
| /* Override any GCC internal prototype to avoid an error.
|    Use char because int might match the return type of a GCC
|    builtin and then its argument prototype would still apply.  */
| #ifdef __cplusplus
| extern "C"
| #endif
| char  ();
| int
| main ()
| {
| return  ();
|   ;
|   return 0;
| }
configure:16318: result: no
configure:16378: checking for gcc
configure:16405: result: gcc
configure:16637: checking for C compiler version
configure:16645: gcc --version >&5
gcc (GCC) 4.8.2 20140120 (Red Hat 4.8.2-15)
Copyright (C) 2013 Free Software Foundation, Inc.
This is free software; see the source for copying conditions.  There is NO
warranty; not even for MERCHANTABILITY or FITNESS FOR A PARTICULAR PURPOSE.

configure:16649: $? = 0
configure:16656: gcc -v >&5
Using built-in specs.
COLLECT_GCC=gcc
COLLECT_LTO_WRAPPER=/opt/rh/devtoolset-2/root/usr/libexec/gcc/x86_64-redhat-linux/4.8.2/lto-wrapper
Target: x86_64-redhat-linux
Configured with: ../configure --prefix=/opt/rh/devtoolset-2/root/usr --mandir=/opt/rh/devtoolset-2/root/usr/share/man --infodir=/opt/rh/devtoolset-2/root/usr/share/info --with-bugurl=http://bugzilla.redhat.com/bugzilla --enable-bootstrap --enable-shared --enable-threads=posix --enable-checking=release --with-system-zlib --enable-__cxa_atexit --disable-libunwind-exceptions --enable-gnu-unique-object --enable-linker-build-id --enable-languages=c,c++,fortran,lto --enable-plugin --with-linker-hash-style=gnu --enable-initfini-array --disable-libgcj --with-isl=/builddir/build/BUILD/gcc-4.8.2-20140120/obj-x86_64-redhat-linux/isl-install --with-cloog=/builddir/build/BUILD/gcc-4.8.2-20140120/obj-x86_64-redhat-linux/cloog-install --with-mpc=/builddir/build/BUILD/gcc-4.8.2-20140120/obj-x86_64-redhat-linux/mpc-install --with-tune=generic --with-arch_32=i686 --build=x86_64-redhat-linux
Thread model: posix
gcc version 4.8.2 20140120 (Red Hat 4.8.2-15) (GCC) 
configure:16660: $? = 0
configure:16667: gcc -V >&5
gcc: error: unrecognized command line option '-V'
gcc: fatal error: no input files
compilation terminated.
configure:16671: $? = 4
configure:16674: checking whether we are using the GNU C compiler
configure:16727: result: yes
configure:16736: checking whether gcc accepts -g
configure:16874: result: yes
configure:16891: checking for gcc option to accept ISO C89
configure:16995: result: none needed
configure:17015: checking dependency style of gcc
configure:17125: result: gcc3
configure:17370: creating ./config.status

## ---------------------- ##
## Running config.status. ##
## ---------------------- ##

This file was extended by predict config.status 0.9.0, which was
generated by GNU Autoconf 2.63.  Invocation command line was

  CONFIG_FILES    = 
  CONFIG_HEADERS  = 
  CONFIG_LINKS    = 
  CONFIG_COMMANDS = 
  $ ./config.status 

on xs22v01-dev-jenkins

config.status:1052: creating Makefile
config.status:1052: creating config.h
config.status:1326: executing depfiles commands
config.status:1326: executing libtool commands

## ---------------- ##
## Cache variables. ##
## ---------------- ##

ac_cv_build=x86_64-unknown-linux-gnu
ac_cv_c_compiler_gnu=yes
ac_cv_cxx_compiler_gnu=yes
ac_cv_env_CCC_set=
ac_cv_env_CCC_value=
ac_cv_env_CC_set=
ac_cv_env_CC_value=
ac_cv_env_CFLAGS_set=
ac_cv_env_CFLAGS_value=
ac_cv_env_CPPFLAGS_set=
ac_cv_env_CPPFLAGS_value=
ac_cv_env_CXXCPP_set=
ac_cv_env_CXXCPP_value=
ac_cv_env_CXXFLAGS_set=
ac_cv_env_CXXFLAGS_value=
ac_cv_env_CXX_set=
ac_cv_env_CXX_value=
ac_cv_env_LDFLAGS_set=
ac_cv_env_LDFLAGS_value=
ac_cv_env_LIBS_set=
ac_cv_env_LIBS_value=
ac_cv_env_build_alias_set=
ac_cv_env_build_alias_value=
ac_cv_env_host_alias_set=
ac_cv_env_host_alias_value=
ac_cv_env_target_alias_set=
ac_cv_env_target_alias_value=
ac_cv_header_dlfcn_h=yes
ac_cv_header_inttypes_h=yes
ac_cv_header_memory_h=yes
ac_cv_header_stdc=yes
ac_cv_header_stdint_h=yes
ac_cv_header_stdlib_h=yes
ac_cv_header_string_h=yes
ac_cv_header_strings_h=yes
ac_cv_header_sys_stat_h=yes
ac_cv_header_sys_types_h=yes
ac_cv_header_unistd_h=yes
ac_cv_host=x86_64-unknown-linux-gnu
ac_cv_lib__glib_2_0__=no
ac_cv_lib__stdcpp__=no
ac_cv_lib__z__=no
ac_cv_objext=o
ac_cv_path_EGREP='/bin/grep -E'
ac_cv_path_FGREP='/bin/grep -F'
ac_cv_path_GREP=/bin/grep
ac_cv_path_SED=/bin/sed
ac_cv_path_install='/usr/bin/install -c'
ac_cv_path_mkdir=/bin/mkdir
ac_cv_prog_AWK=gawk
ac_cv_prog_CXXCPP='g++ -E'
ac_cv_prog_ac_ct_AR=ar
ac_cv_prog_ac_ct_CC=gcc
ac_cv_prog_ac_ct_CXX=g++
ac_cv_prog_ac_ct_OBJDUMP=objdump
ac_cv_prog_ac_ct_RANLIB=ranlib
ac_cv_prog_ac_ct_STRIP=strip
ac_cv_prog_cc_c89=
ac_cv_prog_cc_g=yes
ac_cv_prog_cxx_g=yes
ac_cv_prog_make_make_set=yes
am_cv_CC_dependencies_compiler_type=gcc3
am_cv_CXX_dependencies_compiler_type=gcc3
lt_cv_deplibs_check_method=pass_all
lt_cv_file_magic_cmd='$MAGIC_CMD'
lt_cv_file_magic_test_file=
lt_cv_ld_reload_flag=-r
lt_cv_nm_interface='BSD nm'
lt_cv_objdir=.libs
lt_cv_path_LD=/opt/rh/devtoolset-2/root/usr/libexec/gcc/x86_64-redhat-linux/4.8.2/ld
lt_cv_path_LDCXX='/opt/rh/devtoolset-2/root/usr/libexec/gcc/x86_64-redhat-linux/4.8.2/ld -m elf_x86_64'
lt_cv_path_NM='/usr/bin/nm -B'
lt_cv_prog_compiler_c_o=yes
lt_cv_prog_compiler_c_o_CXX=yes
lt_cv_prog_compiler_pic_works=yes
lt_cv_prog_compiler_pic_works_CXX=yes
lt_cv_prog_compiler_rtti_exceptions=no
lt_cv_prog_compiler_static_works=no
lt_cv_prog_compiler_static_works_CXX=no
lt_cv_prog_gnu_ld=yes
lt_cv_prog_gnu_ldcxx=yes
lt_cv_sys_global_symbol_pipe='sed -n -e '\''s/^.*[	 ]\([ABCDGIRSTW][ABCDGIRSTW]*\)[	 ][	 ]*\([_A-Za-z][_A-Za-z0-9]*\)$/\1 \2 \2/p'\'''
lt_cv_sys_global_symbol_to_c_name_address='sed -n -e '\''s/^: \([^ ]*\) $/  {\"\1\", (void *) 0},/p'\'' -e '\''s/^[ABCDGIRSTW]* \([^ ]*\) \([^ ]*\)$/  {"\2", (void *) \&\2},/p'\'''
lt_cv_sys_global_symbol_to_c_name_address_lib_prefix='sed -n -e '\''s/^: \([^ ]*\) $/  {\"\1\", (void *) 0},/p'\'' -e '\''s/^[ABCDGIRSTW]* \([^ ]*\) \(lib[^ ]*\)$/  {"\2", (void *) \&\2},/p'\'' -e '\''s/^[ABCDGIRSTW]* \([^ ]*\) \([^ ]*\)$/  {"lib\2", (void *) \&\2},/p'\'''
lt_cv_sys_global_symbol_to_cdecl='sed -n -e '\''s/^T .* \(.*\)$/extern int \1();/p'\'' -e '\''s/^[ABCDGIRSTW]* .* \(.*\)$/extern char \1;/p'\'''
lt_cv_sys_max_cmd_len=1966080

## ----------------- ##
## Output variables. ##
## ----------------- ##

ACLOCAL='${SHELL} /home/jenkins/akhilesh/issue/predict/missing --run aclocal-1.11'
AMDEPBACKSLASH='\'
AMDEP_FALSE='#'
AMDEP_TRUE=''
AMTAR='${SHELL} /home/jenkins/akhilesh/issue/predict/missing --run tar'
AM_BACKSLASH='\'
AM_DEFAULT_VERBOSITY='0'
AR='ar'
AUTOCONF='${SHELL} /home/jenkins/akhilesh/issue/predict/missing --run autoconf'
AUTOHEADER='${SHELL} /home/jenkins/akhilesh/issue/predict/missing --run autoheader'
AUTOMAKE='${SHELL} /home/jenkins/akhilesh/issue/predict/missing --run automake-1.11'
AWK='gawk'
CC='gcc'
CCDEPMODE='depmode=gcc3'
CENTOS64_FALSE='#'
CENTOS64_TRUE=''
CENTOS_FALSE=''
CENTOS_TRUE='#'
CFLAGS='-g -O2'
CPPFLAGS=''
CXX='g++'
CXXCPP='g++ -E'
CXXDEPMODE='depmode=gcc3'
CXXFLAGS='-g -O2'
CYGPATH_W='echo'
DEBIAN64_FALSE=''
DEBIAN64_TRUE='#'
DEBIAN_FALSE=''
DEBIAN_TRUE='#'
DEFS='-DHAVE_CONFIG_H'
DEPDIR='.deps'
DSYMUTIL=''
DUMPBIN=''
ECHO_C=''
ECHO_N='-n'
ECHO_T=''
EGREP='/bin/grep -E'
EXEEXT=''
FGREP='/bin/grep -F'
GREP='/bin/grep'
INSTALL_DATA='${INSTALL} -m 644'
INSTALL_PROGRAM='${INSTALL}'
INSTALL_SCRIPT='${INSTALL}'
INSTALL_STRIP_PROGRAM='$(install_sh) -c -s'
LD='/opt/rh/devtoolset-2/root/usr/libexec/gcc/x86_64-redhat-linux/4.8.2/ld -m elf_x86_64'
LDFLAGS=''
LIBOBJS=''
LIBS=''
LIBTOOL='$(SHELL) $(top_builddir)/libtool'
LIPO=''
LN_S='ln -s'
LTLIBOBJS=''
MAKEINFO='${SHELL} /home/jenkins/akhilesh/issue/predict/missing --run makeinfo'
MKDIR_P='/bin/mkdir -p'
NM='/usr/bin/nm -B'
NMEDIT=''
OBJDUMP='objdump'
OBJEXT='o'
OTOOL64=''
OTOOL=''
PACKAGE='predict'
PACKAGE_BUGREPORT='akhileshmaurya494@gmail.com'
PACKAGE_NAME='predict'
PACKAGE_STRING='predict 0.9.0'
PACKAGE_TARNAME='predict'
PACKAGE_VERSION='0.9.0'
PATH_SEPARATOR=':'
RANLIB='ranlib'
SED='/bin/sed'
SET_MAKE=''
SHELL='/bin/sh'
STRIP='strip'
VERSION='0.9.0'
ac_ct_CC='gcc'
ac_ct_CXX='g++'
ac_ct_DUMPBIN=''
am__EXEEXT_FALSE=''
am__EXEEXT_TRUE='#'
am__fastdepCC_FALSE='#'
am__fastdepCC_TRUE=''
am__fastdepCXX_FALSE='#'
am__fastdepCXX_TRUE=''
am__include='include'
am__isrc=''
am__leading_dot='.'
am__quote=''
am__tar='${AMTAR} chof - "$$tardir"'
am__untar='${AMTAR} xf -'
bindir='${exec_prefix}/bin'
build='x86_64-unknown-linux-gnu'
build_alias=''
build_cpu='x86_64'
build_os='linux-gnu'
build_vendor='unknown'
datadir='${datarootdir}'
datarootdir='${prefix}/share'
docdir='${datarootdir}/doc/${PACKAGE_TARNAME}'
dvidir='${docdir}'
exec_prefix='${prefix}'
host='x86_64-unknown-linux-gnu'
host_alias=''
host_cpu='x86_64'
host_os='linux-gnu'
host_vendor='unknown'
htmldir='${docdir}'
includedir='${prefix}/include'
infodir='${datarootdir}/info'
install_sh='${SHELL} /home/jenkins/akhilesh/issue/predict/install-sh'
libdir='${exec_prefix}/lib'
libexecdir='${exec_prefix}/libexec'
localedir='${datarootdir}/locale'
localstatedir='${prefix}/var'
lt_ECHO='echo'
mandir='${datarootdir}/man'
mkdir_p='/bin/mkdir -p'
oldincludedir='/usr/include'
pdfdir='${docdir}'
prefix='/usr/local'
program_transform_name='s,x,x,'
psdir='${docdir}'
sbindir='${exec_prefix}/sbin'
sharedstatedir='${prefix}/com'
sysconfdir='${prefix}/etc'
target_alias=''

## ----------- ##
## confdefs.h. ##
## ----------- ##

#define PACKAGE_NAME "predict"
#define PACKAGE_TARNAME "predict"
#define PACKAGE_VERSION "0.9.0"
#define PACKAGE_STRING "predict 0.9.0"
#define PACKAGE_BUGREPORT "akhileshmaurya494@gmail.com"
#define STDC_HEADERS 1
#define HAVE_SYS_TYPES_H 1
#define HAVE_SYS_STAT_H 1
#define HAVE_STDLIB_H 1
#define HAVE_STRING_H 1
#define HAVE_MEMORY_H 1
#define HAVE_STRINGS_H 1
#define HAVE_INTTYPES_H 1
#define HAVE_STDINT_H 1
#define HAVE_UNISTD_H 1
#define HAVE_DLFCN_H 1
#define LT_OBJDIR ".libs/"

configure: exit 0
